#
# There is insufficient memory for the Java Runtime Environment to continue.
# Native memory allocation (malloc) failed to allocate 652272 bytes for Chunk::new
# Possible reasons:
#   The system is out of physical RAM or swap space
#   The process is running with CompressedOops enabled, and the Java Heap may be blocking the growth of the native heap
# Possible solutions:
#   Reduce memory load on the system
#   Increase physical memory or swap space
#   Check if swap backing store is full
#   Decrease Java heap size (-Xmx/-Xms)
#   Decrease number of Java threads
#   Decrease Java thread stack sizes (-Xss)
#   Set larger code cache with -XX:ReservedCodeCacheSize=
#   JVM is running with Unscaled Compressed Oops mode in which the Java heap is
#     placed in the first 4GB address space. The Java Heap base address is the
#     maximum limit for the native heap growth. Please use -XX:HeapBaseMinAddress
#     to set the Java Heap base and to place the Java Heap above 4GB virtual address.
# This output file may be truncated or incomplete.
#
#  Out of Memory Error (arena.cpp:184), pid=7120, tid=6736
#
# JRE version: Java(TM) SE Runtime Environment (19.0.2+7) (build 19.0.2+7-44)
# Java VM: Java HotSpot(TM) 64-Bit Server VM (19.0.2+7-44, mixed mode, sharing, tiered, compressed oops, compressed class ptrs, g1 gc, windows-amd64)
# No core dump will be written. Minidumps are not enabled by default on client versions of Windows
#

---------------  S U M M A R Y ------------

Command Line: -Dfile.encoding=UTF-8 -XX:+ShowCodeDetailsInExceptionMessages view.nhanVien.hhhha

Host: 11th Gen Intel(R) Core(TM) i5-11400H @ 2.70GHz, 12 cores, 7G,  Windows 11 , 64 bit Build 22621 (10.0.22621.1635)
Time: Sat May 20 01:13:57 2023 SE Asia Standard Time elapsed time: 9.098901 seconds (0d 0h 0m 9s)

---------------  T H R E A D  ---------------

Current thread (0x0000022a46969cf0):  JavaThread "C2 CompilerThread0" daemon [_thread_in_native, id=6736, stack(0x0000005387500000,0x0000005387600000)]


Current CompileTask:
C2:   9099 3012   !   4       javax.swing.JComponent::paintChildren (684 bytes)

Stack: [0x0000005387500000,0x0000005387600000]
Native frames: (J=compiled Java code, j=interpreted, Vv=VM code, C=native code)
V  [jvm.dll+0x6ee21a]
V  [jvm.dll+0x85765e]
V  [jvm.dll+0x85904e]
V  [jvm.dll+0x859703]
V  [jvm.dll+0x28298f]
V  [jvm.dll+0xc9adf]
V  [jvm.dll+0xc9e65]
V  [jvm.dll+0x3bca4c]
V  [jvm.dll+0x1ee29a]
V  [jvm.dll+0x24c52b]
V  [jvm.dll+0x24b781]
V  [jvm.dll+0x1d6ce1]
V  [jvm.dll+0x25b25a]
V  [jvm.dll+0x2596e8]
V  [jvm.dll+0x807588]
V  [jvm.dll+0x80125a]
V  [jvm.dll+0x6ecf0b]
C  [ucrtbase.dll+0x29363]
C  [KERNEL32.DLL+0x126ad]
C  [ntdll.dll+0x5a9f8]


---------------  P R O C E S S  ---------------

Threads class SMR info:
_java_thread_list=0x0000022a4d003ae0, length=17, elements={
0x0000022a4694eec0, 0x0000022a4694fae0, 0x0000022a46958840, 0x0000022a46959370,
0x0000022a4695bcb0, 0x0000022a4695e5f0, 0x0000022a46969cf0, 0x0000022a4696a660,
0x0000022a4696b1e0, 0x0000022a4ad053f0, 0x0000022a4ad04ea0, 0x0000022a4ad04400,
0x0000022a4ad02420, 0x0000022a4ad03eb0, 0x0000022a4ad02970, 0x0000022a4ad02ec0,
0x0000022a4ad01ed0
}

Java Threads: ( => current thread )
  0x0000022a4694eec0 JavaThread "Reference Handler" daemon [_thread_blocked, id=9328, stack(0x0000005386f00000,0x0000005387000000)]
  0x0000022a4694fae0 JavaThread "Finalizer" daemon [_thread_blocked, id=14472, stack(0x0000005387000000,0x0000005387100000)]
  0x0000022a46958840 JavaThread "Signal Dispatcher" daemon [_thread_blocked, id=13796, stack(0x0000005387100000,0x0000005387200000)]
  0x0000022a46959370 JavaThread "Attach Listener" daemon [_thread_blocked, id=5040, stack(0x0000005387200000,0x0000005387300000)]
  0x0000022a4695bcb0 JavaThread "Service Thread" daemon [_thread_blocked, id=10412, stack(0x0000005387300000,0x0000005387400000)]
  0x0000022a4695e5f0 JavaThread "Monitor Deflation Thread" daemon [_thread_blocked, id=18744, stack(0x0000005387400000,0x0000005387500000)]
=>0x0000022a46969cf0 JavaThread "C2 CompilerThread0" daemon [_thread_in_native, id=6736, stack(0x0000005387500000,0x0000005387600000)]
  0x0000022a4696a660 JavaThread "C1 CompilerThread0" daemon [_thread_blocked, id=12592, stack(0x0000005387600000,0x0000005387700000)]
  0x0000022a4696b1e0 JavaThread "Sweeper thread" daemon [_thread_blocked, id=4864, stack(0x0000005387700000,0x0000005387800000)]
  0x0000022a4ad053f0 JavaThread "Notification Thread" daemon [_thread_blocked, id=24316, stack(0x0000005387800000,0x0000005387900000)]
  0x0000022a4ad04ea0 JavaThread "Common-Cleaner" daemon [_thread_blocked, id=27396, stack(0x0000005387a00000,0x0000005387b00000)]
  0x0000022a4ad04400 JavaThread "Java2D Disposer" daemon [_thread_blocked, id=22796, stack(0x0000005387b00000,0x0000005387c00000)]
  0x0000022a4ad02420 JavaThread "AWT-Shutdown" [_thread_blocked, id=19152, stack(0x0000005387c00000,0x0000005387d00000)]
  0x0000022a4ad03eb0 JavaThread "AWT-Windows" daemon [_thread_in_native, id=3744, stack(0x0000005387d00000,0x0000005387e00000)]
  0x0000022a4ad02970 JavaThread "AWT-EventQueue-0" [_thread_in_Java, id=27520, stack(0x0000005387e00000,0x0000005387f00000)]
  0x0000022a4ad02ec0 JavaThread "DestroyJavaVM" [_thread_blocked, id=22900, stack(0x0000005386800000,0x0000005386900000)]
  0x0000022a4ad01ed0 JavaThread "TimerQueue" daemon [_thread_blocked, id=20568, stack(0x0000005388100000,0x0000005388200000)]

Other Threads:
  0x0000022a46933550 VMThread "VM Thread" [stack: 0x0000005386e00000,0x0000005386f00000] [id=30888]
  0x0000022a4ad0e6b0 WatcherThread "VM Periodic Task Thread" [stack: 0x0000005387900000,0x0000005387a00000] [id=20392]
  0x0000022a27e6ae60 WorkerThread "GC Thread#0" [stack: 0x0000005386900000,0x0000005386a00000] [id=30060]
  0x0000022a4d814420 WorkerThread "GC Thread#1" [stack: 0x0000005388200000,0x0000005388300000] [id=18116]
  0x0000022a4d814c90 WorkerThread "GC Thread#2" [stack: 0x0000005388300000,0x0000005388400000] [id=16784]
  0x0000022a4d815500 WorkerThread "GC Thread#3" [stack: 0x0000005388400000,0x0000005388500000] [id=4268]
  0x0000022a4d8146f0 WorkerThread "GC Thread#4" [stack: 0x0000005388500000,0x0000005388600000] [id=15332]
  0x0000022a4d814150 WorkerThread "GC Thread#5" [stack: 0x0000005388600000,0x0000005388700000] [id=28940]
  0x0000022a4d8149c0 WorkerThread "GC Thread#6" [stack: 0x0000005388700000,0x0000005388800000] [id=2460]
  0x0000022a4d814f60 WorkerThread "GC Thread#7" [stack: 0x0000005388800000,0x0000005388900000] [id=20724]
  0x0000022a4d8138e0 WorkerThread "GC Thread#8" [stack: 0x0000005388900000,0x0000005388a00000] [id=21636]
  0x0000022a4d815230 WorkerThread "GC Thread#9" [stack: 0x0000005388a00000,0x0000005388b00000] [id=13652]
  0x0000022a27e7b700 ConcurrentGCThread "G1 Main Marker" [stack: 0x0000005386a00000,0x0000005386b00000] [id=20332]
  0x0000022a27e7cbd0 WorkerThread "G1 Conc#0" [stack: 0x0000005386b00000,0x0000005386c00000] [id=5764]
  0x0000022a4cc9daf0 WorkerThread "G1 Conc#1" [stack: 0x0000005388e00000,0x0000005388f00000] [id=6192]
  0x0000022a4cc9cce0 WorkerThread "G1 Conc#2" [stack: 0x0000005388f00000,0x0000005389000000] [id=9860]
  0x0000022a467eb520 ConcurrentGCThread "G1 Refine#0" [stack: 0x0000005386c00000,0x0000005386d00000] [id=29548]
  0x0000022a467ece20 ConcurrentGCThread "G1 Service" [stack: 0x0000005386d00000,0x0000005386e00000] [id=3936]

Threads with active compile tasks:
C2 CompilerThread0     9130 3012   !   4       javax.swing.JComponent::paintChildren (684 bytes)

VM state: not at safepoint (normal execution)

VM Mutex/Monitor currently owned by a thread: None

Heap address: 0x0000000083600000, size: 1994 MB, Compressed Oops mode: 32-bit

CDS archive(s) mapped at: [0x0000000800000000-0x0000000800c40000-0x0000000800c40000), size 12845056, SharedBaseAddress: 0x0000000800000000, ArchiveRelocationMode: 0.
Compressed class space mapped at: 0x0000000801000000-0x0000000841000000, reserved size: 1073741824
Narrow klass base: 0x0000000800000000, Narrow klass shift: 0, Narrow klass range: 0x100000000

GC Precious Log:
 CardTable entry size: 512
 Card Set container configuration: InlinePtr #cards 5 size 8 Array Of Cards #cards 12 size 40 Howl #buckets 4 coarsen threshold 1843 Howl Bitmap #cards 512 size 80 coarsen threshold 460 Card regions per heap region 1 cards per card region 2048
 CPUs: 12 total, 12 available
 Memory: 7971M
 Large Page Support: Disabled
 NUMA Support: Disabled
 Compressed Oops: Enabled (32-bit)
 Heap Region Size: 1M
 Heap Min Capacity: 8M
 Heap Initial Capacity: 126M
 Heap Max Capacity: 1994M
 Pre-touch: Disabled
 Parallel Workers: 10
 Concurrent Workers: 3
 Concurrent Refinement Workers: 10
 Periodic GC: Disabled

Heap:
 garbage-first heap   total 129024K, used 81144K [0x0000000083600000, 0x0000000100000000)
  region size 1024K, 56 young (57344K), 1 survivors (1024K)
 Metaspace       used 10116K, committed 10304K, reserved 1114112K
  class space    used 996K, committed 1088K, reserved 1048576K

Heap Regions: E=young(eden), S=young(survivor), O=old, HS=humongous(starts), HC=humongous(continues), CS=collection set, F=free, OA=open archive, CA=closed archive, TAMS=top-at-mark-start (previous, next)
|   0|0x0000000083600000, 0x0000000083700000, 0x0000000083700000|100%| O|  |TAMS 0x0000000083700000, 0x0000000083700000| Untracked 
|   1|0x0000000083700000, 0x0000000083800000, 0x0000000083800000|100%| O|  |TAMS 0x0000000083800000, 0x0000000083800000| Untracked 
|   2|0x0000000083800000, 0x0000000083900000, 0x0000000083900000|100%| O|  |TAMS 0x0000000083900000, 0x0000000083900000| Untracked 
|   3|0x0000000083900000, 0x0000000083a00000, 0x0000000083a00000|100%| O|  |TAMS 0x0000000083998400, 0x0000000083a00000| Untracked 
|   4|0x0000000083a00000, 0x0000000083b00000, 0x0000000083b00000|100%|HS|  |TAMS 0x0000000083a00000, 0x0000000083a00000| Complete 
|   5|0x0000000083b00000, 0x0000000083c00000, 0x0000000083c00000|100%|HC|  |TAMS 0x0000000083b00000, 0x0000000083b00000| Complete 
|   6|0x0000000083c00000, 0x0000000083d00000, 0x0000000083d00000|100%|HC|  |TAMS 0x0000000083c00000, 0x0000000083c00000| Complete 
|   7|0x0000000083d00000, 0x0000000083e00000, 0x0000000083e00000|100%|HC|  |TAMS 0x0000000083d00000, 0x0000000083d00000| Complete 
|   8|0x0000000083e00000, 0x0000000083f00000, 0x0000000083f00000|100%|HC|  |TAMS 0x0000000083e00000, 0x0000000083e00000| Complete 
|   9|0x0000000083f00000, 0x0000000084000000, 0x0000000084000000|100%|HC|  |TAMS 0x0000000083f00000, 0x0000000083f00000| Complete 
|  10|0x0000000084000000, 0x0000000084000000, 0x0000000084100000|  0%| F|  |TAMS 0x0000000084000000, 0x0000000084000000| Untracked 
|  11|0x0000000084100000, 0x0000000084100000, 0x0000000084200000|  0%| F|  |TAMS 0x0000000084100000, 0x0000000084100000| Untracked 
|  12|0x0000000084200000, 0x0000000084200000, 0x0000000084300000|  0%| F|  |TAMS 0x0000000084200000, 0x0000000084200000| Untracked 
|  13|0x0000000084300000, 0x0000000084300000, 0x0000000084400000|  0%| F|  |TAMS 0x0000000084300000, 0x0000000084300000| Untracked 
|  14|0x0000000084400000, 0x0000000084400000, 0x0000000084500000|  0%| F|  |TAMS 0x0000000084400000, 0x0000000084400000| Untracked 
|  15|0x0000000084500000, 0x0000000084500000, 0x0000000084600000|  0%| F|  |TAMS 0x0000000084500000, 0x0000000084500000| Untracked 
|  16|0x0000000084600000, 0x0000000084600000, 0x0000000084700000|  0%| F|  |TAMS 0x0000000084600000, 0x0000000084600000| Untracked 
|  17|0x0000000084700000, 0x0000000084700000, 0x0000000084800000|  0%| F|  |TAMS 0x0000000084700000, 0x0000000084700000| Untracked 
|  18|0x0000000084800000, 0x0000000084800000, 0x0000000084900000|  0%| F|  |TAMS 0x0000000084800000, 0x0000000084800000| Untracked 
|  19|0x0000000084900000, 0x0000000084900000, 0x0000000084a00000|  0%| F|  |TAMS 0x0000000084900000, 0x0000000084900000| Untracked 
|  20|0x0000000084a00000, 0x0000000084a00000, 0x0000000084b00000|  0%| F|  |TAMS 0x0000000084a00000, 0x0000000084a00000| Untracked 
|  21|0x0000000084b00000, 0x0000000084b00000, 0x0000000084c00000|  0%| F|  |TAMS 0x0000000084b00000, 0x0000000084b00000| Untracked 
|  22|0x0000000084c00000, 0x0000000084c00000, 0x0000000084d00000|  0%| F|  |TAMS 0x0000000084c00000, 0x0000000084c00000| Untracked 
|  23|0x0000000084d00000, 0x0000000084d00000, 0x0000000084e00000|  0%| F|  |TAMS 0x0000000084d00000, 0x0000000084d00000| Untracked 
|  24|0x0000000084e00000, 0x0000000084e00000, 0x0000000084f00000|  0%| F|  |TAMS 0x0000000084e00000, 0x0000000084e00000| Untracked 
|  25|0x0000000084f00000, 0x0000000084f00000, 0x0000000085000000|  0%| F|  |TAMS 0x0000000084f00000, 0x0000000084f00000| Untracked 
|  26|0x0000000085000000, 0x0000000085000000, 0x0000000085100000|  0%| F|  |TAMS 0x0000000085000000, 0x0000000085000000| Untracked 
|  27|0x0000000085100000, 0x0000000085100000, 0x0000000085200000|  0%| F|  |TAMS 0x0000000085100000, 0x0000000085100000| Untracked 
|  28|0x0000000085200000, 0x0000000085200000, 0x0000000085300000|  0%| F|  |TAMS 0x0000000085200000, 0x0000000085200000| Untracked 
|  29|0x0000000085300000, 0x0000000085300000, 0x0000000085400000|  0%| F|  |TAMS 0x0000000085300000, 0x0000000085300000| Untracked 
|  30|0x0000000085400000, 0x0000000085400000, 0x0000000085500000|  0%| F|  |TAMS 0x0000000085400000, 0x0000000085400000| Untracked 
|  31|0x0000000085500000, 0x0000000085500000, 0x0000000085600000|  0%| F|  |TAMS 0x0000000085500000, 0x0000000085500000| Untracked 
|  32|0x0000000085600000, 0x0000000085600000, 0x0000000085700000|  0%| F|  |TAMS 0x0000000085600000, 0x0000000085600000| Untracked 
|  33|0x0000000085700000, 0x0000000085700000, 0x0000000085800000|  0%| F|  |TAMS 0x0000000085700000, 0x0000000085700000| Untracked 
|  34|0x0000000085800000, 0x0000000085800000, 0x0000000085900000|  0%| F|  |TAMS 0x0000000085800000, 0x0000000085800000| Untracked 
|  35|0x0000000085900000, 0x0000000085900000, 0x0000000085a00000|  0%| F|  |TAMS 0x0000000085900000, 0x0000000085900000| Untracked 
|  36|0x0000000085a00000, 0x0000000085a00000, 0x0000000085b00000|  0%| F|  |TAMS 0x0000000085a00000, 0x0000000085a00000| Untracked 
|  37|0x0000000085b00000, 0x0000000085b00000, 0x0000000085c00000|  0%| F|  |TAMS 0x0000000085b00000, 0x0000000085b00000| Untracked 
|  38|0x0000000085c00000, 0x0000000085c00000, 0x0000000085d00000|  0%| F|  |TAMS 0x0000000085c00000, 0x0000000085c00000| Untracked 
|  39|0x0000000085d00000, 0x0000000085d00000, 0x0000000085e00000|  0%| F|  |TAMS 0x0000000085d00000, 0x0000000085d00000| Untracked 
|  40|0x0000000085e00000, 0x0000000085e00000, 0x0000000085f00000|  0%| F|  |TAMS 0x0000000085e00000, 0x0000000085e00000| Untracked 
|  41|0x0000000085f00000, 0x0000000085f00000, 0x0000000086000000|  0%| F|  |TAMS 0x0000000085f00000, 0x0000000085f00000| Untracked 
|  42|0x0000000086000000, 0x0000000086000000, 0x0000000086100000|  0%| F|  |TAMS 0x0000000086000000, 0x0000000086000000| Untracked 
|  43|0x0000000086100000, 0x0000000086100000, 0x0000000086200000|  0%| F|  |TAMS 0x0000000086100000, 0x0000000086100000| Untracked 
|  44|0x0000000086200000, 0x0000000086200000, 0x0000000086300000|  0%| F|  |TAMS 0x0000000086200000, 0x0000000086200000| Untracked 
|  45|0x0000000086300000, 0x0000000086300000, 0x0000000086400000|  0%| F|  |TAMS 0x0000000086300000, 0x0000000086300000| Untracked 
|  46|0x0000000086400000, 0x0000000086400000, 0x0000000086500000|  0%| F|  |TAMS 0x0000000086400000, 0x0000000086400000| Untracked 
|  47|0x0000000086500000, 0x0000000086500000, 0x0000000086600000|  0%| F|  |TAMS 0x0000000086500000, 0x0000000086500000| Untracked 
|  48|0x0000000086600000, 0x0000000086700000, 0x0000000086700000|100%|HS|  |TAMS 0x0000000086700000, 0x0000000086700000| Complete 
|  49|0x0000000086700000, 0x0000000086800000, 0x0000000086800000|100%|HC|  |TAMS 0x0000000086800000, 0x0000000086800000| Complete 
|  50|0x0000000086800000, 0x0000000086900000, 0x0000000086900000|100%|HC|  |TAMS 0x0000000086900000, 0x0000000086900000| Complete 
|  51|0x0000000086900000, 0x0000000086a00000, 0x0000000086a00000|100%|HC|  |TAMS 0x0000000086a00000, 0x0000000086a00000| Complete 
|  52|0x0000000086a00000, 0x0000000086b00000, 0x0000000086b00000|100%|HC|  |TAMS 0x0000000086b00000, 0x0000000086b00000| Complete 
|  53|0x0000000086b00000, 0x0000000086c00000, 0x0000000086c00000|100%|HC|  |TAMS 0x0000000086c00000, 0x0000000086c00000| Complete 
|  54|0x0000000086c00000, 0x0000000086d00000, 0x0000000086d00000|100%| O|  |TAMS 0x0000000086c00000, 0x0000000086d00000| Untracked 
|  55|0x0000000086d00000, 0x0000000086e00000, 0x0000000086e00000|100%| O|  |TAMS 0x0000000086d00000, 0x0000000086e00000| Untracked 
|  56|0x0000000086e00000, 0x0000000086eafe00, 0x0000000086f00000| 68%| O|  |TAMS 0x0000000086e00000, 0x0000000086eafe00| Untracked 
|  57|0x0000000086f00000, 0x0000000087000000, 0x0000000087000000|100%|HS|  |TAMS 0x0000000086f00000, 0x0000000087000000| Complete 
|  58|0x0000000087000000, 0x0000000087100000, 0x0000000087100000|100%|HC|  |TAMS 0x0000000087000000, 0x0000000087100000| Complete 
|  59|0x0000000087100000, 0x0000000087200000, 0x0000000087200000|100%|HC|  |TAMS 0x0000000087100000, 0x0000000087200000| Complete 
|  60|0x0000000087200000, 0x0000000087300000, 0x0000000087300000|100%|HC|  |TAMS 0x0000000087200000, 0x0000000087300000| Complete 
|  61|0x0000000087300000, 0x0000000087400000, 0x0000000087400000|100%|HC|  |TAMS 0x0000000087300000, 0x0000000087400000| Complete 
|  62|0x0000000087400000, 0x0000000087500000, 0x0000000087500000|100%|HC|  |TAMS 0x0000000087400000, 0x0000000087500000| Complete 
|  63|0x0000000087500000, 0x0000000087500000, 0x0000000087600000|  0%| F|  |TAMS 0x0000000087500000, 0x0000000087500000| Untracked 
|  64|0x0000000087600000, 0x0000000087600000, 0x0000000087700000|  0%| F|  |TAMS 0x0000000087600000, 0x0000000087600000| Untracked 
|  65|0x0000000087700000, 0x0000000087700000, 0x0000000087800000|  0%| F|  |TAMS 0x0000000087700000, 0x0000000087700000| Untracked 
|  66|0x0000000087800000, 0x0000000087800000, 0x0000000087900000|  0%| F|  |TAMS 0x0000000087800000, 0x0000000087800000| Untracked 
|  67|0x0000000087900000, 0x0000000087900000, 0x0000000087a00000|  0%| F|  |TAMS 0x0000000087900000, 0x0000000087900000| Untracked 
|  68|0x0000000087a00000, 0x0000000087a00000, 0x0000000087b00000|  0%| F|  |TAMS 0x0000000087a00000, 0x0000000087a00000| Untracked 
|  69|0x0000000087b00000, 0x0000000087b00000, 0x0000000087c00000|  0%| F|  |TAMS 0x0000000087b00000, 0x0000000087b00000| Untracked 
|  70|0x0000000087c00000, 0x0000000087c6ff18, 0x0000000087d00000| 43%| E|  |TAMS 0x0000000087c00000, 0x0000000087c00000| Complete 
|  71|0x0000000087d00000, 0x0000000087e00000, 0x0000000087e00000|100%| E|CS|TAMS 0x0000000087d00000, 0x0000000087d00000| Complete 
|  72|0x0000000087e00000, 0x0000000087f00000, 0x0000000087f00000|100%| E|CS|TAMS 0x0000000087e00000, 0x0000000087e00000| Complete 
|  73|0x0000000087f00000, 0x0000000088000000, 0x0000000088000000|100%| E|CS|TAMS 0x0000000087f00000, 0x0000000087f00000| Complete 
|  74|0x0000000088000000, 0x0000000088100000, 0x0000000088100000|100%| E|CS|TAMS 0x0000000088000000, 0x0000000088000000| Complete 
|  75|0x0000000088100000, 0x0000000088200000, 0x0000000088200000|100%| E|CS|TAMS 0x0000000088100000, 0x0000000088100000| Complete 
|  76|0x0000000088200000, 0x0000000088300000, 0x0000000088300000|100%| E|CS|TAMS 0x0000000088200000, 0x0000000088200000| Complete 
|  77|0x0000000088300000, 0x0000000088400000, 0x0000000088400000|100%| E|CS|TAMS 0x0000000088300000, 0x0000000088300000| Complete 
|  78|0x0000000088400000, 0x0000000088500000, 0x0000000088500000|100%| E|CS|TAMS 0x0000000088400000, 0x0000000088400000| Complete 
|  79|0x0000000088500000, 0x0000000088600000, 0x0000000088600000|100%| E|CS|TAMS 0x0000000088500000, 0x0000000088500000| Complete 
|  80|0x0000000088600000, 0x0000000088700000, 0x0000000088700000|100%| E|CS|TAMS 0x0000000088600000, 0x0000000088600000| Complete 
|  81|0x0000000088700000, 0x0000000088800000, 0x0000000088800000|100%| E|CS|TAMS 0x0000000088700000, 0x0000000088700000| Complete 
|  82|0x0000000088800000, 0x0000000088900000, 0x0000000088900000|100%| E|CS|TAMS 0x0000000088800000, 0x0000000088800000| Complete 
|  83|0x0000000088900000, 0x0000000088a00000, 0x0000000088a00000|100%| E|CS|TAMS 0x0000000088900000, 0x0000000088900000| Complete 
|  84|0x0000000088a00000, 0x0000000088b00000, 0x0000000088b00000|100%| E|CS|TAMS 0x0000000088a00000, 0x0000000088a00000| Complete 
|  85|0x0000000088b00000, 0x0000000088c00000, 0x0000000088c00000|100%| E|CS|TAMS 0x0000000088b00000, 0x0000000088b00000| Complete 
|  86|0x0000000088c00000, 0x0000000088d00000, 0x0000000088d00000|100%| E|CS|TAMS 0x0000000088c00000, 0x0000000088c00000| Complete 
|  87|0x0000000088d00000, 0x0000000088e00000, 0x0000000088e00000|100%| E|CS|TAMS 0x0000000088d00000, 0x0000000088d00000| Complete 
|  88|0x0000000088e00000, 0x0000000088f00000, 0x0000000088f00000|100%| E|CS|TAMS 0x0000000088e00000, 0x0000000088e00000| Complete 
|  89|0x0000000088f00000, 0x0000000089000000, 0x0000000089000000|100%| E|CS|TAMS 0x0000000088f00000, 0x0000000088f00000| Complete 
|  90|0x0000000089000000, 0x0000000089100000, 0x0000000089100000|100%| E|CS|TAMS 0x0000000089000000, 0x0000000089000000| Complete 
|  91|0x0000000089100000, 0x0000000089200000, 0x0000000089200000|100%| E|CS|TAMS 0x0000000089100000, 0x0000000089100000| Complete 
|  92|0x0000000089200000, 0x0000000089300000, 0x0000000089300000|100%| E|CS|TAMS 0x0000000089200000, 0x0000000089200000| Complete 
|  93|0x0000000089300000, 0x0000000089400000, 0x0000000089400000|100%| E|CS|TAMS 0x0000000089300000, 0x0000000089300000| Complete 
|  94|0x0000000089400000, 0x0000000089500000, 0x0000000089500000|100%| E|CS|TAMS 0x0000000089400000, 0x0000000089400000| Complete 
|  95|0x0000000089500000, 0x0000000089600000, 0x0000000089600000|100%| E|CS|TAMS 0x0000000089500000, 0x0000000089500000| Complete 
|  96|0x0000000089600000, 0x0000000089700000, 0x0000000089700000|100%| E|CS|TAMS 0x0000000089600000, 0x0000000089600000| Complete 
|  97|0x0000000089700000, 0x0000000089800000, 0x0000000089800000|100%| E|CS|TAMS 0x0000000089700000, 0x0000000089700000| Complete 
|  98|0x0000000089800000, 0x0000000089900000, 0x0000000089900000|100%| E|CS|TAMS 0x0000000089800000, 0x0000000089800000| Complete 
|  99|0x0000000089900000, 0x0000000089a00000, 0x0000000089a00000|100%| E|CS|TAMS 0x0000000089900000, 0x0000000089900000| Complete 
| 100|0x0000000089a00000, 0x0000000089b00000, 0x0000000089b00000|100%| E|CS|TAMS 0x0000000089a00000, 0x0000000089a00000| Complete 
| 101|0x0000000089b00000, 0x0000000089c00000, 0x0000000089c00000|100%| E|CS|TAMS 0x0000000089b00000, 0x0000000089b00000| Complete 
| 102|0x0000000089c00000, 0x0000000089d00000, 0x0000000089d00000|100%| E|CS|TAMS 0x0000000089c00000, 0x0000000089c00000| Complete 
| 103|0x0000000089d00000, 0x0000000089e00000, 0x0000000089e00000|100%| E|CS|TAMS 0x0000000089d00000, 0x0000000089d00000| Complete 
| 104|0x0000000089e00000, 0x0000000089f00000, 0x0000000089f00000|100%| E|CS|TAMS 0x0000000089e00000, 0x0000000089e00000| Complete 
| 105|0x0000000089f00000, 0x000000008a000000, 0x000000008a000000|100%| E|CS|TAMS 0x0000000089f00000, 0x0000000089f00000| Complete 
| 106|0x000000008a000000, 0x000000008a100000, 0x000000008a100000|100%| E|CS|TAMS 0x000000008a000000, 0x000000008a000000| Complete 
| 107|0x000000008a100000, 0x000000008a200000, 0x000000008a200000|100%| E|CS|TAMS 0x000000008a100000, 0x000000008a100000| Complete 
| 108|0x000000008a200000, 0x000000008a300000, 0x000000008a300000|100%| E|CS|TAMS 0x000000008a200000, 0x000000008a200000| Complete 
| 109|0x000000008a300000, 0x000000008a400000, 0x000000008a400000|100%| E|CS|TAMS 0x000000008a300000, 0x000000008a300000| Complete 
| 110|0x000000008a400000, 0x000000008a500000, 0x000000008a500000|100%| E|CS|TAMS 0x000000008a400000, 0x000000008a400000| Complete 
| 111|0x000000008a500000, 0x000000008a600000, 0x000000008a600000|100%| E|CS|TAMS 0x000000008a500000, 0x000000008a500000| Complete 
| 112|0x000000008a600000, 0x000000008a700000, 0x000000008a700000|100%| E|CS|TAMS 0x000000008a600000, 0x000000008a600000| Complete 
| 113|0x000000008a700000, 0x000000008a800000, 0x000000008a800000|100%| E|CS|TAMS 0x000000008a700000, 0x000000008a700000| Complete 
| 114|0x000000008a800000, 0x000000008a900000, 0x000000008a900000|100%| E|CS|TAMS 0x000000008a800000, 0x000000008a800000| Complete 
| 115|0x000000008a900000, 0x000000008aa00000, 0x000000008aa00000|100%| E|CS|TAMS 0x000000008a900000, 0x000000008a900000| Complete 
| 116|0x000000008aa00000, 0x000000008ab00000, 0x000000008ab00000|100%| E|CS|TAMS 0x000000008aa00000, 0x000000008aa00000| Complete 
| 117|0x000000008ab00000, 0x000000008ac00000, 0x000000008ac00000|100%| E|CS|TAMS 0x000000008ab00000, 0x000000008ab00000| Complete 
| 118|0x000000008ac00000, 0x000000008ad00000, 0x000000008ad00000|100%| E|CS|TAMS 0x000000008ac00000, 0x000000008ac00000| Complete 
| 119|0x000000008ad00000, 0x000000008ae00000, 0x000000008ae00000|100%| E|CS|TAMS 0x000000008ad00000, 0x000000008ad00000| Complete 
| 120|0x000000008ae00000, 0x000000008af00000, 0x000000008af00000|100%| E|CS|TAMS 0x000000008ae00000, 0x000000008ae00000| Complete 
| 121|0x000000008af00000, 0x000000008b000000, 0x000000008b000000|100%| E|CS|TAMS 0x000000008af00000, 0x000000008af00000| Complete 
| 122|0x000000008b000000, 0x000000008b08e2a8, 0x000000008b100000| 55%| S|CS|TAMS 0x000000008b000000, 0x000000008b000000| Complete 
| 123|0x000000008b100000, 0x000000008b200000, 0x000000008b200000|100%| E|CS|TAMS 0x000000008b100000, 0x000000008b100000| Complete 
| 124|0x000000008b200000, 0x000000008b300000, 0x000000008b300000|100%| E|CS|TAMS 0x000000008b200000, 0x000000008b200000| Complete 
| 125|0x000000008b300000, 0x000000008b400000, 0x000000008b400000|100%| E|CS|TAMS 0x000000008b300000, 0x000000008b300000| Complete 

Card table byte_map: [0x0000022a3f6c0000,0x0000022a3fab0000] _byte_map_base: 0x0000022a3f2a5000

Marking Bits (Prev, Next): (CMBitMap*) 0x0000022a27e6b4d0, (CMBitMap*) 0x0000022a27e6b490
 Prev Bits: [0x0000022a41dd0000, 0x0000022a43cf8000)
 Next Bits: [0x0000022a3fea0000, 0x0000022a41dc8000)

Polling page: 0x0000022a25d90000

Metaspace:

Usage:
  Non-class:      8.91 MB used.
      Class:    996.84 KB used.
       Both:      9.88 MB used.

Virtual space:
  Non-class space:       64.00 MB reserved,       9.00 MB ( 14%) committed,  1 nodes.
      Class space:        1.00 GB reserved,       1.06 MB ( <1%) committed,  1 nodes.
             Both:        1.06 GB reserved,      10.06 MB ( <1%) committed. 

Chunk freelists:
   Non-Class:  3.00 MB
       Class:  2.75 MB
        Both:  5.75 MB

MaxMetaspaceSize: unlimited
CompressedClassSpaceSize: 1.00 GB
Initial GC threshold: 21.00 MB
Current GC threshold: 21.00 MB
CDS: on
MetaspaceReclaimPolicy: balanced
 - commit_granule_bytes: 65536.
 - commit_granule_words: 8192.
 - virtual_space_node_default_size: 8388608.
 - enlarge_chunks_in_place: 1.
 - new_chunks_are_fully_committed: 0.
 - uncommit_free_chunks: 1.
 - use_allocation_guard: 0.


Internal statistics:

num_allocs_failed_limit: 0.
num_arena_births: 160.
num_arena_deaths: 0.
num_vsnodes_births: 2.
num_vsnodes_deaths: 0.
num_space_committed: 161.
num_space_uncommitted: 0.
num_chunks_returned_to_freelist: 0.
num_chunks_taken_from_freelist: 191.
num_chunk_merges: 0.
num_chunk_splits: 122.
num_chunks_enlarged: 76.
num_inconsistent_stats: 0.

CodeHeap 'non-profiled nmethods': size=120000Kb used=1642Kb max_used=1642Kb free=118357Kb
 bounds [0x0000022a37840000, 0x0000022a37ab0000, 0x0000022a3ed70000]
CodeHeap 'profiled nmethods': size=120000Kb used=5993Kb max_used=5993Kb free=114006Kb
 bounds [0x0000022a2fd70000, 0x0000022a30350000, 0x0000022a372a0000]
CodeHeap 'non-nmethods': size=5760Kb used=1398Kb max_used=1467Kb free=4361Kb
 bounds [0x0000022a372a0000, 0x0000022a37510000, 0x0000022a37840000]
 total_blobs=3644 nmethods=3011 adapters=542
 compilation: enabled
              stopped_count=0, restarted_count=0
 full_count=0

Compilation events (20 events):
Event: 8.919 Thread 0x0000022a46969cf0 nmethod 3002 0x0000022a379d4c90 code [0x0000022a379d4e60, 0x0000022a379d5730]
Event: 8.925 Thread 0x0000022a46969cf0 3003       4       java.awt.geom.Rectangle2D$Double::isEmpty (24 bytes)
Event: 8.926 Thread 0x0000022a46969cf0 nmethod 3003 0x0000022a379d5a90 code [0x0000022a379d5c20, 0x0000022a379d5cf8]
Event: 8.927 Thread 0x0000022a46969cf0 3004       4       sun.java2d.SunGraphics2D::getClipBounds (102 bytes)
Event: 8.934 Thread 0x0000022a46969cf0 nmethod 3004 0x0000022a379d5d90 code [0x0000022a379d6020, 0x0000022a379d6a28]
Event: 8.934 Thread 0x0000022a46969cf0 3006   !   4       javax.swing.text.SegmentCache::getSegment (54 bytes)
Event: 8.935 Thread 0x0000022a46969cf0 nmethod 3006 0x0000022a379d7390 code [0x0000022a379d7520, 0x0000022a379d7838]
Event: 8.935 Thread 0x0000022a46969cf0 3007   !   4       javax.swing.text.SegmentCache::releaseSegment (63 bytes)
Event: 8.939 Thread 0x0000022a46969cf0 nmethod 3007 0x0000022a379d7a90 code [0x0000022a379d7c40, 0x0000022a379d8208]
Event: 8.939 Thread 0x0000022a46969cf0 3005       4       java.awt.Rectangle::getBounds (24 bytes)
Event: 8.940 Thread 0x0000022a46969cf0 nmethod 3005 0x0000022a379d8510 code [0x0000022a379d86a0, 0x0000022a379d87b8]
Event: 8.959 Thread 0x0000022a4696a660 3008       3       sun.swing.SwingUtilities2::drawVLine (26 bytes)
Event: 8.960 Thread 0x0000022a4696a660 nmethod 3008 0x0000022a30349f90 code [0x0000022a3034a140, 0x0000022a3034a2c8]
Event: 8.960 Thread 0x0000022a4696a660 3009       3       sun.swing.SwingUtilities2::drawHLine (26 bytes)
Event: 8.960 Thread 0x0000022a4696a660 nmethod 3009 0x0000022a3034a390 code [0x0000022a3034a540, 0x0000022a3034a6c8]
Event: 8.965 Thread 0x0000022a46969cf0 3010   !   4       sun.swing.SwingUtilities2::drawString (458 bytes)
Event: 8.974 Thread 0x0000022a46969cf0 nmethod 3010 0x0000022a379d8890 code [0x0000022a379d8ac0, 0x0000022a379d9730]
Event: 8.974 Thread 0x0000022a46969cf0 3011       4       java.awt.geom.Rectangle2D::intersects (85 bytes)
Event: 8.975 Thread 0x0000022a46969cf0 nmethod 3011 0x0000022a379da310 code [0x0000022a379da4a0, 0x0000022a379da6d8]
Event: 9.041 Thread 0x0000022a46969cf0 3012   !   4       javax.swing.JComponent::paintChildren (684 bytes)

GC Heap History (6 events):
Event: 0.717 GC heap before
{Heap before GC invocations=0 (full 0):
 garbage-first heap   total 129024K, used 22528K [0x0000000083600000, 0x0000000100000000)
  region size 1024K, 23 young (23552K), 0 survivors (0K)
 Metaspace       used 7946K, committed 8192K, reserved 1114112K
  class space    used 814K, committed 960K, reserved 1048576K
}
Event: 0.722 GC heap after
{Heap after GC invocations=1 (full 0):
 garbage-first heap   total 129024K, used 6753K [0x0000000083600000, 0x0000000100000000)
  region size 1024K, 3 young (3072K), 3 survivors (3072K)
 Metaspace       used 7946K, committed 8192K, reserved 1114112K
  class space    used 814K, committed 960K, reserved 1048576K
}
Event: 2.775 GC heap before
{Heap before GC invocations=1 (full 0):
 garbage-first heap   total 129024K, used 74337K [0x0000000083600000, 0x0000000100000000)
  region size 1024K, 20 young (20480K), 3 survivors (3072K)
 Metaspace       used 9847K, committed 10048K, reserved 1114112K
  class space    used 990K, committed 1088K, reserved 1048576K
}
Event: 2.782 GC heap after
{Heap after GC invocations=2 (full 0):
 garbage-first heap   total 129024K, used 58800K [0x0000000083600000, 0x0000000100000000)
  region size 1024K, 1 young (1024K), 1 survivors (1024K)
 Metaspace       used 9847K, committed 10048K, reserved 1114112K
  class space    used 990K, committed 1088K, reserved 1048576K
}
Event: 2.861 GC heap before
{Heap before GC invocations=3 (full 0):
 garbage-first heap   total 129024K, used 66992K [0x0000000083600000, 0x0000000100000000)
  region size 1024K, 4 young (4096K), 1 survivors (1024K)
 Metaspace       used 9848K, committed 10048K, reserved 1114112K
  class space    used 990K, committed 1088K, reserved 1048576K
}
Event: 2.862 GC heap after
{Heap after GC invocations=4 (full 0):
 garbage-first heap   total 129024K, used 19704K [0x0000000083600000, 0x0000000100000000)
  region size 1024K, 1 young (1024K), 1 survivors (1024K)
 Metaspace       used 9848K, committed 10048K, reserved 1114112K
  class space    used 990K, committed 1088K, reserved 1048576K
}

Dll operation events (9 events):
Event: 0.006 Loaded shared library C:\Program Files\Java\jdk-19\bin\java.dll
Event: 0.014 Loaded shared library C:\Program Files\Java\jdk-19\bin\jsvml.dll
Event: 0.062 Loaded shared library C:\Program Files\Java\jdk-19\bin\jimage.dll
Event: 0.066 Loaded shared library C:\Program Files\Java\jdk-19\bin\net.dll
Event: 0.068 Loaded shared library C:\Program Files\Java\jdk-19\bin\nio.dll
Event: 0.070 Loaded shared library C:\Program Files\Java\jdk-19\bin\zip.dll
Event: 0.104 Loaded shared library C:\Program Files\Java\jdk-19\bin\awt.dll
Event: 0.288 Loaded shared library C:\Program Files\Java\jdk-19\bin\freetype.dll
Event: 0.289 Loaded shared library C:\Program Files\Java\jdk-19\bin\fontmanager.dll

Deoptimization events (20 events):
Event: 5.085 Thread 0x0000022a4ad02970 Uncommon trap: trap_request=0xffffff45 fr.pc=0x0000022a3791a2b4 relative=0x0000000000000154
Event: 5.085 Thread 0x0000022a4ad02970 Uncommon trap: reason=unstable_if action=reinterpret pc=0x0000022a3791a2b4 method=sun.java2d.SunGraphics2D.fixRectangleOrientation([DLjava/awt/geom/Rectangle2D;)V @ 54 c2
Event: 5.085 Thread 0x0000022a4ad02970 DEOPT PACKING pc=0x0000022a3791a2b4 sp=0x0000005387efd0f0
Event: 5.085 Thread 0x0000022a4ad02970 DEOPT UNPACKING pc=0x0000022a3730a5a3 sp=0x0000005387efd090 mode 2
Event: 5.085 Thread 0x0000022a4ad02970 Uncommon trap: trap_request=0xffffff45 fr.pc=0x0000022a37947544 relative=0x0000000000000524
Event: 5.085 Thread 0x0000022a4ad02970 Uncommon trap: reason=unstable_if action=reinterpret pc=0x0000022a37947544 method=sun.java2d.SunGraphics2D.fixRectangleOrientation([DLjava/awt/geom/Rectangle2D;)V @ 54 c2
Event: 5.085 Thread 0x0000022a4ad02970 DEOPT PACKING pc=0x0000022a37947544 sp=0x0000005387efd350
Event: 5.085 Thread 0x0000022a4ad02970 DEOPT UNPACKING pc=0x0000022a3730a5a3 sp=0x0000005387efd148 mode 2
Event: 5.085 Thread 0x0000022a4ad02970 Uncommon trap: trap_request=0xffffff45 fr.pc=0x0000022a3796f848 relative=0x0000000000000428
Event: 5.085 Thread 0x0000022a4ad02970 Uncommon trap: reason=unstable_if action=reinterpret pc=0x0000022a3796f848 method=sun.java2d.SunGraphics2D.fixRectangleOrientation([DLjava/awt/geom/Rectangle2D;)V @ 54 c2
Event: 5.085 Thread 0x0000022a4ad02970 DEOPT PACKING pc=0x0000022a3796f848 sp=0x0000005387efd2e0
Event: 5.085 Thread 0x0000022a4ad02970 DEOPT UNPACKING pc=0x0000022a3730a5a3 sp=0x0000005387efd130 mode 2
Event: 5.638 Thread 0x0000022a4ad02970 Uncommon trap: trap_request=0xffffff45 fr.pc=0x0000022a379854f8 relative=0x00000000000023b8
Event: 5.638 Thread 0x0000022a4ad02970 Uncommon trap: reason=unstable_if action=reinterpret pc=0x0000022a379854f8 method=sun.java2d.SunGraphics2D.fixRectangleOrientation([DLjava/awt/geom/Rectangle2D;)V @ 54 c2
Event: 5.638 Thread 0x0000022a4ad02970 DEOPT PACKING pc=0x0000022a379854f8 sp=0x0000005387efd610
Event: 5.638 Thread 0x0000022a4ad02970 DEOPT UNPACKING pc=0x0000022a3730a5a3 sp=0x0000005387efd400 mode 2
Event: 6.609 Thread 0x0000022a4ad02970 Uncommon trap: trap_request=0xffffff45 fr.pc=0x0000022a37909a00 relative=0x0000000000000b40
Event: 6.609 Thread 0x0000022a4ad02970 Uncommon trap: reason=unstable_if action=reinterpret pc=0x0000022a37909a00 method=java.awt.Container.findComponentAtImpl(IIZ)Ljava/awt/Component; @ 131 c2
Event: 6.609 Thread 0x0000022a4ad02970 DEOPT PACKING pc=0x0000022a37909a00 sp=0x0000005387efeea0
Event: 6.609 Thread 0x0000022a4ad02970 DEOPT UNPACKING pc=0x0000022a3730a5a3 sp=0x0000005387efed30 mode 2

Classes loaded (20 events):
Event: 0.964 Loading class java/util/concurrent/Delayed done
Event: 0.965 Loading class javax/swing/TimerQueue$DelayedTimer done
Event: 0.965 Loading class java/util/concurrent/TimeUnit$1
Event: 0.965 Loading class java/util/concurrent/TimeUnit$1 done
Event: 0.965 Loading class javax/swing/JLayer
Event: 0.965 Loading class javax/swing/JLayer done
Event: 1.469 Loading class javax/swing/Timer$1
Event: 1.469 Loading class javax/swing/Timer$1 done
Event: 1.879 Loading class java/awt/LightweightDispatcher$2
Event: 1.879 Loading class java/awt/LightweightDispatcher$2 done
Event: 2.303 Loading class sun/awt/windows/WComponentPeer$1
Event: 2.303 Loading class sun/awt/windows/WComponentPeer$1 done
Event: 2.310 Loading class sun/java2d/opengl/OGLSurfaceData
Event: 2.311 Loading class sun/java2d/opengl/OGLSurfaceData done
Event: 6.610 Loading class java/awt/event/MouseWheelEvent
Event: 6.610 Loading class java/awt/event/MouseWheelEvent done
Event: 8.335 Loading class java/awt/Canvas
Event: 8.337 Loading class java/awt/Canvas done
Event: 8.337 Loading class java/awt/Scrollbar
Event: 8.338 Loading class java/awt/Scrollbar done

Classes unloaded (0 events):
No events

Classes redefined (0 events):
No events

Internal exceptions (15 events):
Event: 0.097 Thread 0x0000022a27e0af00 Exception <a 'java/lang/ClassNotFoundException'{0x000000008b060f50}: sun/awt/resources/spi/awtProvider> (0x000000008b060f50) 
thrown [s\open\src\hotspot\share\classfile\systemDictionary.cpp, line 255]
Event: 0.112 Thread 0x0000022a27e0af00 Exception <a 'java/io/FileNotFoundException'{0x000000008b0b9fe8}> (0x000000008b0b9fe8) 
thrown [s\open\src\hotspot\share\prims\jni.cpp, line 517]
Event: 0.115 Thread 0x0000022a27e0af00 Exception <a 'java/io/FileNotFoundException'{0x000000008b0e64e0}> (0x000000008b0e64e0) 
thrown [s\open\src\hotspot\share\prims\jni.cpp, line 517]
Event: 0.134 Thread 0x0000022a27e0af00 Exception <a 'java/lang/NoSuchMethodError'{0x000000008af1be80}: 'java.lang.Object java.lang.invoke.DirectMethodHandle$Holder.invokeStaticInit(java.lang.Object)'> (0x000000008af1be80) 
thrown [s\open\src\hotspot\share\interpreter\linkResolver.cpp, line 774]
Event: 0.165 Thread 0x0000022a4ad02970 Exception <a 'java/lang/NoSuchMethodError'{0x000000008aece748}: 'void java.lang.invoke.DirectMethodHandle$Holder.invokeSpecial(java.lang.Object, java.lang.Object, java.lang.Object)'> (0x000000008aece748) 
thrown [s\open\src\hotspot\share\interpreter\linkResolver.cpp, line 774]
Event: 0.171 Thread 0x0000022a4ad02970 Exception <a 'java/lang/NoSuchMethodError'{0x000000008aef9480}: 'java.lang.Object java.lang.invoke.DirectMethodHandle$Holder.newInvokeSpecial(java.lang.Object, java.lang.Object, java.lang.Object, java.lang.Object, java.lang.Object)'> (0x000000008aef9480) 
thrown [s\open\src\hotspot\share\interpreter\linkResolver.cpp, line 774]
Event: 0.175 Thread 0x0000022a4ad02970 Exception <a 'java/lang/NoSuchMethodError'{0x000000008ad2b198}: 'java.lang.Object java.lang.invoke.DirectMethodHandle$Holder.invokeStatic(java.lang.Object, int, java.lang.Object)'> (0x000000008ad2b198) 
thrown [s\open\src\hotspot\share\interpreter\linkResolver.cpp, line 774]
Event: 0.190 Thread 0x0000022a4ad02970 Exception <a 'java/lang/ClassNotFoundException'{0x000000008ade67e0}: com/sun/swing/internal/plaf/metal/resources/spi/metalProvider> (0x000000008ade67e0) 
thrown [s\open\src\hotspot\share\classfile\systemDictionary.cpp, line 255]
Event: 0.191 Thread 0x0000022a4ad02970 Exception <a 'java/lang/ClassNotFoundException'{0x000000008adea710}: com/sun/swing/internal/plaf/basic/resources/spi/basicProvider> (0x000000008adea710) 
thrown [s\open\src\hotspot\share\classfile\systemDictionary.cpp, line 255]
Event: 0.197 Thread 0x0000022a4ad02970 Exception <a 'java/lang/NoSuchMethodError'{0x000000008ac0b090}: 'int java.lang.invoke.Invokers$Holder.invokeExact_MT(java.lang.Object, java.lang.Object)'> (0x000000008ac0b090) 
thrown [s\open\src\hotspot\share\interpreter\linkResolver.cpp, line 774]
Event: 0.212 Thread 0x0000022a4ad03410 Exception <a 'java/lang/NoSuchMethodError'{0x000000008ac8e318}: 'java.lang.Object java.lang.invoke.DirectMethodHandle$Holder.newInvokeSpecial(java.lang.Object, java.lang.Object, java.lang.Object, int, int, int, int, int)'> (0x000000008ac8e318) 
thrown [s\open\src\hotspot\share\interpreter\linkResolver.cpp, line 774]
Event: 0.758 Thread 0x0000022a4ad03eb0 Exception <a 'java/lang/NoSuchMethodError'{0x000000008b108590}: 'void java.lang.invoke.DirectMethodHandle$Holder.invokeVirtual(java.lang.Object, java.lang.Object)'> (0x000000008b108590) 
thrown [s\open\src\hotspot\share\interpreter\linkResolver.cpp, line 774]
Event: 0.768 Thread 0x0000022a4ad02970 Exception <a 'java/lang/NoSuchMethodError'{0x000000008b2ba748}: 'void java.lang.invoke.DirectMethodHandle$Holder.invokeStaticInit(java.lang.Object)'> (0x000000008b2ba748) 
thrown [s\open\src\hotspot\share\interpreter\linkResolver.cpp, line 774]
Event: 0.807 Thread 0x0000022a4ad02970 Implicit null exception at 0x0000022a378e86a0 to 0x0000022a378e8780
Event: 0.826 Thread 0x0000022a4ad02970 Implicit null exception at 0x0000022a378cf367 to 0x0000022a378cf41c

VM Operations (20 events):
Event: 2.775 Executing VM operation: G1TryInitiateConcMark
Event: 2.782 Executing VM operation: G1TryInitiateConcMark done
Event: 2.787 Executing VM operation: G1PauseRemark
Event: 2.794 Executing VM operation: G1PauseRemark done
Event: 2.796 Executing VM operation: G1PauseCleanup
Event: 2.796 Executing VM operation: G1PauseCleanup done
Event: 2.860 Executing VM operation: G1TryInitiateConcMark
Event: 2.862 Executing VM operation: G1TryInitiateConcMark done
Event: 3.862 Executing VM operation: Cleanup
Event: 3.863 Executing VM operation: Cleanup done
Event: 4.873 Executing VM operation: Cleanup
Event: 4.873 Executing VM operation: Cleanup done
Event: 5.835 Executing VM operation: HandshakeAllThreads
Event: 5.835 Executing VM operation: HandshakeAllThreads done
Event: 6.850 Executing VM operation: Cleanup
Event: 6.850 Executing VM operation: Cleanup done
Event: 7.864 Executing VM operation: Cleanup
Event: 7.864 Executing VM operation: Cleanup done
Event: 8.866 Executing VM operation: Cleanup
Event: 8.866 Executing VM operation: Cleanup done

Events (20 events):
Event: 0.023 Thread 0x0000022a46969cf0 Thread added: 0x0000022a46969cf0
Event: 0.023 Thread 0x0000022a4696a660 Thread added: 0x0000022a4696a660
Event: 0.023 Thread 0x0000022a4696b1e0 Thread added: 0x0000022a4696b1e0
Event: 0.045 Thread 0x0000022a4ad053f0 Thread added: 0x0000022a4ad053f0
Event: 0.048 Thread 0x0000022a4ad04ea0 Thread added: 0x0000022a4ad04ea0
Event: 0.135 Thread 0x0000022a4ad04400 Thread added: 0x0000022a4ad04400
Event: 0.135 Thread 0x0000022a4ad02420 Thread added: 0x0000022a4ad02420
Event: 0.136 Thread 0x0000022a4ad03eb0 Thread added: 0x0000022a4ad03eb0
Event: 0.145 Thread 0x0000022a4ad02970 Thread added: 0x0000022a4ad02970
Event: 0.146 Thread 0x0000022a27e0af00 Thread exited: 0x0000022a27e0af00
Event: 0.146 Thread 0x0000022a4ad02ec0 Thread added: 0x0000022a4ad02ec0
Event: 0.210 Thread 0x0000022a4ad03410 Thread added: 0x0000022a4ad03410
Event: 0.229 Thread 0x0000022a4b1cb0f0 Thread added: 0x0000022a4b1cb0f0
Event: 0.309 Thread 0x0000022a4ad01ed0 Thread added: 0x0000022a4ad01ed0
Event: 1.157 Thread 0x0000022a4b1cb0f0 Thread exited: 0x0000022a4b1cb0f0
Event: 2.384 Thread 0x0000022a4d3a7060 Thread added: 0x0000022a4d3a7060
Event: 3.671 Thread 0x0000022a4d3a7060 Thread exited: 0x0000022a4d3a7060
Event: 3.862 Thread 0x0000022a4dfb7760 Thread added: 0x0000022a4dfb7760
Event: 5.757 Thread 0x0000022a4ad03410 Thread exited: 0x0000022a4ad03410
Event: 6.070 Thread 0x0000022a4dfb7760 Thread exited: 0x0000022a4dfb7760


Dynamic libraries:
0x00007ff7a8ee0000 - 0x00007ff7a8ef0000 	C:\Program Files\Java\jdk-19\bin\javaw.exe
0x00007ffaff790000 - 0x00007ffaff9a4000 	C:\WINDOWS\SYSTEM32\ntdll.dll
0x00007ffafdf30000 - 0x00007ffafdff2000 	C:\WINDOWS\System32\KERNEL32.DLL
0x00007ffafcf50000 - 0x00007ffafd2f3000 	C:\WINDOWS\System32\KERNELBASE.dll
0x00007ffafce30000 - 0x00007ffafcf41000 	C:\WINDOWS\System32\ucrtbase.dll
0x00007ffaf1690000 - 0x00007ffaf16a8000 	C:\Program Files\Java\jdk-19\bin\jli.dll
0x00007ffaf1c50000 - 0x00007ffaf1c6b000 	C:\Program Files\Java\jdk-19\bin\VCRUNTIME140.dll
0x00007ffafd8f0000 - 0x00007ffafd99e000 	C:\WINDOWS\System32\ADVAPI32.dll
0x00007ffafd840000 - 0x00007ffafd8e7000 	C:\WINDOWS\System32\msvcrt.dll
0x00007ffafee20000 - 0x00007ffafeec4000 	C:\WINDOWS\System32\sechost.dll
0x00007ffafdd20000 - 0x00007ffafde37000 	C:\WINDOWS\System32\RPCRT4.dll
0x00007ffafe800000 - 0x00007ffafe9ab000 	C:\WINDOWS\System32\USER32.dll
0x00007ffafcbb0000 - 0x00007ffafcbd6000 	C:\WINDOWS\System32\win32u.dll
0x00007ffae6f80000 - 0x00007ffae720e000 	C:\WINDOWS\WinSxS\amd64_microsoft.windows.common-controls_6595b64144ccf1df_6.0.22621.1635_none_270f70857386168e\COMCTL32.dll
0x00007ffafedf0000 - 0x00007ffafee19000 	C:\WINDOWS\System32\GDI32.dll
0x00007ffafd470000 - 0x00007ffafd588000 	C:\WINDOWS\System32\gdi32full.dll
0x00007ffafcbe0000 - 0x00007ffafcc7a000 	C:\WINDOWS\System32\msvcp_win.dll
0x00007ffaf5460000 - 0x00007ffaf546a000 	C:\WINDOWS\SYSTEM32\VERSION.dll
0x00007ffaff170000 - 0x00007ffaff1a1000 	C:\WINDOWS\System32\IMM32.DLL
0x00007ffaf2f50000 - 0x00007ffaf2f5c000 	C:\Program Files\Java\jdk-19\bin\vcruntime140_1.dll
0x00007ffab4930000 - 0x00007ffab49be000 	C:\Program Files\Java\jdk-19\bin\msvcp140.dll
0x00007ffa79a40000 - 0x00007ffa7a700000 	C:\Program Files\Java\jdk-19\bin\server\jvm.dll
0x00007ffaf5000000 - 0x00007ffaf5034000 	C:\WINDOWS\SYSTEM32\WINMM.dll
0x00007ffadb290000 - 0x00007ffadb299000 	C:\WINDOWS\SYSTEM32\WSOCK32.dll
0x00007ffafef30000 - 0x00007ffafefa1000 	C:\WINDOWS\System32\WS2_32.dll
0x00007ffafbcf0000 - 0x00007ffafbd08000 	C:\WINDOWS\SYSTEM32\kernel.appcore.dll
0x00007ffaf1c40000 - 0x00007ffaf1c4a000 	C:\Program Files\Java\jdk-19\bin\jimage.dll
0x00007ffafa770000 - 0x00007ffafa99e000 	C:\WINDOWS\SYSTEM32\DBGHELP.DLL
0x00007ffafe9c0000 - 0x00007ffafed49000 	C:\WINDOWS\System32\combase.dll
0x00007ffafd750000 - 0x00007ffafd827000 	C:\WINDOWS\System32\OLEAUT32.dll
0x00007ffaf27c0000 - 0x00007ffaf27f2000 	C:\WINDOWS\SYSTEM32\dbgcore.DLL
0x00007ffafccf0000 - 0x00007ffafcd6b000 	C:\WINDOWS\System32\bcryptPrimitives.dll
0x00007ffaf0aa0000 - 0x00007ffaf0ac6000 	C:\Program Files\Java\jdk-19\bin\java.dll
0x00007ffab1fb0000 - 0x00007ffab2087000 	C:\Program Files\Java\jdk-19\bin\jsvml.dll
0x00007ffafe000000 - 0x00007ffafe7fa000 	C:\WINDOWS\System32\SHELL32.dll
0x00007ffafabc0000 - 0x00007ffafb48e000 	C:\WINDOWS\SYSTEM32\windows.storage.dll
0x00007ffafaa80000 - 0x00007ffafabbe000 	C:\WINDOWS\SYSTEM32\wintypes.dll
0x00007ffafdc20000 - 0x00007ffafdd11000 	C:\WINDOWS\System32\SHCORE.dll
0x00007ffafeed0000 - 0x00007ffafef2e000 	C:\WINDOWS\System32\shlwapi.dll
0x00007ffafcae0000 - 0x00007ffafcb01000 	C:\WINDOWS\SYSTEM32\profapi.dll
0x00007ffaf0110000 - 0x00007ffaf0123000 	C:\Program Files\Java\jdk-19\bin\net.dll
0x00007ffaf3cc0000 - 0x00007ffaf3df7000 	C:\WINDOWS\SYSTEM32\WINHTTP.dll
0x00007ffafc160000 - 0x00007ffafc1c9000 	C:\WINDOWS\system32\mswsock.dll
0x00007ffae6800000 - 0x00007ffae6816000 	C:\Program Files\Java\jdk-19\bin\nio.dll
0x00007ffae46e0000 - 0x00007ffae46f8000 	C:\Program Files\Java\jdk-19\bin\zip.dll
0x00007ffaa46e0000 - 0x00007ffaa4871000 	C:\Program Files\Java\jdk-19\bin\awt.dll
0x00007ffaf6540000 - 0x00007ffaf65d7000 	C:\WINDOWS\SYSTEM32\apphelp.dll
0x00007ffaf7650000 - 0x00007ffaf76fb000 	C:\WINDOWS\system32\uxtheme.dll
0x00007ffaff1b0000 - 0x00007ffaff2ce000 	C:\WINDOWS\System32\MSCTF.dll
0x00007ffafd9a0000 - 0x00007ffafdb3c000 	C:\WINDOWS\System32\ole32.dll
0x00007ffafa020000 - 0x00007ffafa04b000 	C:\WINDOWS\system32\DWMAPI.DLL
0x00007ffad2580000 - 0x00007ffad2680000 	C:\WINDOWS\system32\opengl32.dll
0x00007ffadf990000 - 0x00007ffadf9bd000 	C:\WINDOWS\SYSTEM32\GLU32.dll
0x00007ffaf9cf0000 - 0x00007ffaf9d26000 	C:\WINDOWS\SYSTEM32\dxcore.dll
0x00007ffab6bf0000 - 0x00007ffab6c76000 	C:\Program Files\Java\jdk-19\bin\freetype.dll
0x00007ffab3740000 - 0x00007ffab3806000 	C:\Program Files\Java\jdk-19\bin\fontmanager.dll
0x00007ffafdb60000 - 0x00007ffafdc10000 	C:\WINDOWS\System32\clbcatq.dll
0x00007ffaf7270000 - 0x00007ffaf7420000 	C:\WINDOWS\SYSTEM32\WindowsCodecs.dll
0x00007ffad8850000 - 0x00007ffad88ae000 	C:\WINDOWS\system32\dataexchange.dll
0x00007ffaf17a0000 - 0x00007ffaf1a17000 	C:\WINDOWS\system32\twinapi.appcore.dll
0x00007ffadb640000 - 0x00007ffadb76d000 	C:\WINDOWS\SYSTEM32\textinputframework.dll
0x00007ffaf4c90000 - 0x00007ffaf4dc3000 	C:\WINDOWS\SYSTEM32\CoreMessaging.dll
0x00007ffada960000 - 0x00007ffadaccc000 	C:\WINDOWS\SYSTEM32\CoreUIComponents.dll
0x00007ffafc3e0000 - 0x00007ffafc3ec000 	C:\WINDOWS\SYSTEM32\CRYPTBASE.DLL

dbghelp: loaded successfully - version: 4.0.5 - missing functions: none
symbol engine: initialized successfully - sym options: 0x614 - pdb path: .;C:\Program Files\Java\jdk-19\bin;C:\WINDOWS\SYSTEM32;C:\WINDOWS\WinSxS\amd64_microsoft.windows.common-controls_6595b64144ccf1df_6.0.22621.1635_none_270f70857386168e;C:\Program Files\Java\jdk-19\bin\server

VM Arguments:
jvm_args: -Dfile.encoding=UTF-8 -XX:+ShowCodeDetailsInExceptionMessages 
java_command: view.nhanVien.hhhha
java_class_path (initial): C:\btl\baitap_java\target\classes;C:\btl\baitap_java\miglayout15-swing.jar;C:\Users\ADMIN\.m2\repository\org\apache\poi\poi\5.2.3\poi-5.2.3.jar;C:\Users\ADMIN\.m2\repository\commons-codec\commons-codec\1.15\commons-codec-1.15.jar;C:\Users\ADMIN\.m2\repository\org\apache\commons\commons-collections4\4.4\commons-collections4-4.4.jar;C:\Users\ADMIN\.m2\repository\org\apache\commons\commons-math3\3.6.1\commons-math3-3.6.1.jar;C:\Users\ADMIN\.m2\repository\commons-io\commons-io\2.11.0\commons-io-2.11.0.jar;C:\Users\ADMIN\.m2\repository\com\zaxxer\SparseBitSet\1.2\SparseBitSet-1.2.jar;C:\Users\ADMIN\.m2\repository\org\apache\logging\log4j\log4j-api\2.18.0\log4j-api-2.18.0.jar;C:\Users\ADMIN\.m2\repository\com\mysql\mysql-connector-j\8.0.31\mysql-connector-j-8.0.31.jar;C:\Users\ADMIN\.m2\repository\com\google\protobuf\protobuf-java\3.19.4\protobuf-java-3.19.4.jar;C:\Users\ADMIN\.m2\repository\org\apache\maven\plugins\maven-jar-plugin\3.3.0\maven-jar-plugin-3.3.0.jar;C:\Users\ADMIN\.m2\repository\org\apache\maven\shared\file-management\3.1.0\file-management-3.1.0.jar;C:\Users\ADMIN\.m2\repository\org\slf4j\slf4j-api\1.7.36\slf4j-api-1.7.36.jar;C:\Users\ADMIN\.m2\repository\org\apache\maven\maven-archiver\3.6.0\maven-archiver-3.6.0.jar;C:\Users\ADMIN\.m2\repository\org\codehaus\plexus\plexus-io\3.4.0\plexus-io-3.4.0.jar;C:\Users\ADMIN\.m2\repository\javax\inject\javax.inject\1\javax.inject-1.jar;C:\Users\ADMIN\.m2\repository\org\codehaus\plexus\plexus-archiver\4.4.0\plexus-archiver-4.4.0.jar;C:\Users\ADMIN\.m2\repository\org\apache\commons\commons-compress\1.21\commons-compress-1.21.jar;C:\Users\ADMIN\.m2\repository\org\iq80\snappy\snappy\0.4\snappy-0.4.jar;C:\Users\ADMIN\.m2\repository\org\tukaani\xz\1.9\xz-1.9.jar;C:\Users\ADMIN\.m2\repository\org\codehaus\plexus\plexus-interpolation\1.26\plexus-interpolation-1.26.jar;C:\Users\ADMIN\.m2\repository\org\codehaus\plexus\plexus-utils\3.4.2\plexus-utils-3.4.2.jar;C:\Users\ADMIN\.m2\repository\org\apache\commons\commons-lang3\3.12.0\commons-lang3-3.12.0.jar;C:\Users\ADMIN\.m2\repository\org\apache\tomcat\tomcat-catalina\11.0.0-M5\tomcat-catalina-11.0.0-M5.jar;C:\Users\ADMIN\.m2\repository\org\apache\tomcat\tomcat-servlet-api\11.0.0-M5\tomcat-servlet-api-11.0.0-M5.jar;C:\Users\ADMIN\.m2\repository\org\apache\tomcat\tomcat-jsp-api\11.0.0-M5\tomcat-jsp-api-11.0.0-M5.jar;C:\Users\ADMIN\.m2\repository\org\apache\tomcat\tomcat-el-api\11.0.0-M5\tomcat-el-api-11.0.0-M5.jar;C:\Users\ADMIN\.m2\repository\org\apache\tomcat\tomcat-juli\11.0.0-M5\tomcat-juli-11.0.0-M5.jar;C:\Users\ADMIN\.m2\repository\org\apache\tomcat\tomcat-annotations-api\11.0.0-M5\tomcat-annotations-api-11.0.0-M5.jar;C:\Users\ADMIN\.m2\repository\org\apache\tomcat\tomcat-api\11.0.0-M5\tomcat-api-11.0.0-M5.jar;C:\Users\ADMIN\.m2\repository\org\apache\tomcat\tomcat-jni\11.0.0-M5\tomcat-jni-11.0.0-M5.jar;C:\Users\ADMIN\.m2\repository\org\apache\tomcat\tomcat-coyote\11.0.0-M5\tomcat-coyote-11.0.0-M5.jar;C:\Users\ADMIN\.m2\repository\org\apache\tomcat\tomcat-util\11.0.0-M5\tomcat-util-11.0.0-M5.jar;C:\Users\ADMIN\.m2\repository\org\apache\tomcat\tomcat-util-scan\11.0.0-M5\tomcat-util-scan-11.0.0-M5.jar;C:\Users\ADMIN\.m2\repository\org\apache\tomcat\tomcat-jaspic-api\11.0.0-M5\tomcat-jaspic-api-11.0.0-M5.jar
Launcher Type: SUN_STANDARD

[Global flags]
     intx CICompilerCount                          = 4                                         {product} {ergonomic}
     uint ConcGCThreads                            = 3                                         {product} {ergonomic}
     uint G1ConcRefinementThreads                  = 10                                        {product} {ergonomic}
   size_t G1HeapRegionSize                         = 1048576                                   {product} {ergonomic}
    uintx GCDrainStackTargetSize                   = 64                                        {product} {ergonomic}
   size_t InitialHeapSize                          = 132120576                                 {product} {ergonomic}
   size_t MarkStackSize                            = 4194304                                   {product} {ergonomic}
   size_t MaxHeapSize                              = 2090860544                                {product} {ergonomic}
   size_t MaxNewSize                               = 1254096896                                {product} {ergonomic}
   size_t MinHeapDeltaBytes                        = 1048576                                   {product} {ergonomic}
   size_t MinHeapSize                              = 8388608                                   {product} {ergonomic}
    uintx NonNMethodCodeHeapSize                   = 5839372                                {pd product} {ergonomic}
    uintx NonProfiledCodeHeapSize                  = 122909434                              {pd product} {ergonomic}
    uintx ProfiledCodeHeapSize                     = 122909434                              {pd product} {ergonomic}
    uintx ReservedCodeCacheSize                    = 251658240                              {pd product} {ergonomic}
     bool SegmentedCodeCache                       = true                                      {product} {ergonomic}
     bool ShowCodeDetailsInExceptionMessages       = true                                   {manageable} {command line}
   size_t SoftMaxHeapSize                          = 2090860544                             {manageable} {ergonomic}
     bool UseCompressedClassPointers               = true                           {product lp64_product} {ergonomic}
     bool UseCompressedOops                        = true                           {product lp64_product} {ergonomic}
     bool UseG1GC                                  = true                                      {product} {ergonomic}
     bool UseLargePagesIndividualAllocation        = false                                  {pd product} {ergonomic}

Logging:
Log output configuration:
 #0: stdout all=warning uptime,level,tags foldmultilines=false
 #1: stderr all=off uptime,level,tags foldmultilines=false

Environment Variables:
PATH=C:\Program Files\Common Files\Oracle\Java\javapath;C:\ProgramData\Oracle\Java\javapath;C:\Windows\system32;C:\Windows;C:\Windows\System32\Wbem;C:\Windows\System32\WindowsPowerShell\v1.0\;C:\Windows\System32\OpenSSH\;C:\Program Files (x86)\NVIDIA Corporation\PhysX\Common;C:\Program Files\NVIDIA Corporation\NVIDIA NvDLISR;C:\WINDOWS\system32;C:\WINDOWS;C:\WINDOWS\System32\Wbem;C:\WINDOWS\System32\WindowsPowerShell\v1.0\;C:\WINDOWS\System32\OpenSSH\;C:\Program Files\Git\cmd;C:\MinGW\bin;C:\Program Files\dotnet\;C:\Users\ADMIN\AppData\Local\Microsoft\WindowsApps;;C:\Users\ADMIN\AppData\Local\Programs\Microsoft VS Code\bin
USERNAME=ADMIN
OS=Windows_NT
PROCESSOR_IDENTIFIER=Intel64 Family 6 Model 141 Stepping 1, GenuineIntel
TMP=C:\Users\ADMIN\AppData\Local\Temp
TEMP=C:\Users\ADMIN\AppData\Local\Temp



---------------  S Y S T E M  ---------------

OS:
 Windows 11 , 64 bit Build 22621 (10.0.22621.1635)
OS uptime: 4 days 13:56 hours

CPU: total 12 (initial active 12) (6 cores per cpu, 2 threads per core) family 6 model 141 stepping 1 microcode 0x3c, cx8, cmov, fxsr, ht, mmx, 3dnowpref, sse, sse2, sse3, ssse3, sse4.1, sse4.2, popcnt, lzcnt, tsc, tscinvbit, avx, avx2, aes, erms, clmul, bmi1, bmi2, adx, avx512f, avx512dq, avx512cd, avx512bw, avx512vl, sha, fma, vzeroupper, avx512_vpopcntdq, avx512_vpclmulqdq, avx512_vaes, avx512_vnni, clflush, clflushopt, clwb, avx512_vbmi2, avx512_vbmi, rdtscp, rdpid, fsrm, gfni, avx512_bitalg

Memory: 4k page, system-wide physical 7971M (426M free)
TotalPageFile size 20853M (AvailPageFile size 12M)
current process WorkingSet (physical memory assigned to process): 232M, peak: 235M
current process commit charge ("private bytes"): 284M, peak: 290M

vm_info: Java HotSpot(TM) 64-Bit Server VM (19.0.2+7-44) for windows-amd64 JRE (19.0.2+7-44), built on 2022-11-30T18:02:09Z by "mach5one" with MS VC++ 17.1 (VS2022)

END.
